INFO  time: initialize in 0.42s
WARN  no build tool detected in workspace 'E:\UCSC\2nd Year\1st Sem\SCS 2204 Functional Programming\Assignments\2\Functions and Data\Q2'. The most common cause for this problem is that the editor was opened in the wrong working directory, for example if you use sbt then the workspace directory should contain build.sbt. 
WARN  no build target: E:\UCSC\2nd Year\1st Sem\SCS 2204 Functional Programming\Assignments\2\Functions and Data\Q2\Q2.scala
WARN  no build tool detected in workspace 'E:\UCSC\2nd Year\1st Sem\SCS 2204 Functional Programming\Assignments\2\Functions and Data\Q2'. The most common cause for this problem is that the editor was opened in the wrong working directory, for example if you use sbt then the workspace directory should contain build.sbt. 
INFO  no build target: using presentation compiler with only scala-library
WARN  no build tool detected in workspace 'E:\UCSC\2nd Year\1st Sem\SCS 2204 Functional Programming\Assignments\2\Functions and Data\Q2'. The most common cause for this problem is that the editor was opened in the wrong working directory, for example if you use sbt then the workspace directory should contain build.sbt. 
WARN  no build tool detected in workspace 'E:\UCSC\2nd Year\1st Sem\SCS 2204 Functional Programming\Assignments\2\Functions and Data\Q2'. The most common cause for this problem is that the editor was opened in the wrong working directory, for example if you use sbt then the workspace directory should contain build.sbt. 
WARN  no build target: E:\UCSC\2nd Year\1st Sem\SCS 2204 Functional Programming\Assignments\2\Functions and Data\Q2\Q2.scala
WARN  no build target: 
WARN  no build tool detected in workspace 'E:\UCSC\2nd Year\1st Sem\SCS 2204 Functional Programming\Assignments\2\Functions and Data\Q2'. The most common cause for this problem is that the editor was opened in the wrong working directory, for example if you use sbt then the workspace directory should contain build.sbt. 
WARN  no build tool detected in workspace 'E:\UCSC\2nd Year\1st Sem\SCS 2204 Functional Programming\Assignments\2\Functions and Data\Q2'. The most common cause for this problem is that the editor was opened in the wrong working directory, for example if you use sbt then the workspace directory should contain build.sbt. 
WARN  no build tool detected in workspace 'E:\UCSC\2nd Year\1st Sem\SCS 2204 Functional Programming\Assignments\2\Functions and Data\Q2'. The most common cause for this problem is that the editor was opened in the wrong working directory, for example if you use sbt then the workspace directory should contain build.sbt. 
WARN  no build target: E:\UCSC\2nd Year\1st Sem\SCS 2204 Functional Programming\Assignments\2\Functions and Data\Q2\Q2.scala
WARN  no build target: 
WARN  no build target: E:\UCSC\2nd Year\1st Sem\SCS 2204 Functional Programming\Assignments\2\Functions and Data\Q2\Q2.scala
WARN  no build target: 
Aug 20, 2021 10:13:01 AM org.eclipse.lsp4j.jsonrpc.RemoteEndpoint fallbackResponseError
SEVERE: Internal error: java.lang.reflect.InvocationTargetException
java.lang.RuntimeException: java.lang.reflect.InvocationTargetException
	at org.eclipse.lsp4j.jsonrpc.services.GenericEndpoint.lambda$null$0(GenericEndpoint.java:67)
	at org.eclipse.lsp4j.jsonrpc.services.GenericEndpoint.request(GenericEndpoint.java:120)
	at org.eclipse.lsp4j.jsonrpc.RemoteEndpoint.handleRequest(RemoteEndpoint.java:261)
	at org.eclipse.lsp4j.jsonrpc.RemoteEndpoint.consume(RemoteEndpoint.java:190)
	at org.eclipse.lsp4j.jsonrpc.json.StreamMessageProducer.handleMessage(StreamMessageProducer.java:192)
	at org.eclipse.lsp4j.jsonrpc.json.StreamMessageProducer.listen(StreamMessageProducer.java:94)
	at org.eclipse.lsp4j.jsonrpc.json.ConcurrentMessageProcessor.run(ConcurrentMessageProcessor.java:113)
	at java.util.concurrent.Executors$RunnableAdapter.call(Unknown Source)
	at java.util.concurrent.FutureTask.run(Unknown Source)
	at java.util.concurrent.ThreadPoolExecutor.runWorker(Unknown Source)
	at java.util.concurrent.ThreadPoolExecutor$Worker.run(Unknown Source)
	at java.lang.Thread.run(Unknown Source)
Caused by: java.lang.reflect.InvocationTargetException
	at sun.reflect.NativeMethodAccessorImpl.invoke0(Native Method)
	at sun.reflect.NativeMethodAccessorImpl.invoke(Unknown Source)
	at sun.reflect.DelegatingMethodAccessorImpl.invoke(Unknown Source)
	at java.lang.reflect.Method.invoke(Unknown Source)
	at org.eclipse.lsp4j.jsonrpc.services.GenericEndpoint.lambda$null$0(GenericEndpoint.java:65)
	... 11 more
Caused by: java.lang.IllegalArgumentException: 4 is not a valid line number, allowed [0..0]
	at scala.meta.internal.inputs.InternalInput.lineToOffset(InternalInput.scala:30)
	at scala.meta.internal.inputs.InternalInput.lineToOffset$(InternalInput.scala:26)
	at scala.meta.inputs.Input$VirtualFile.lineToOffset(Input.scala:74)
	at scala.meta.inputs.Position$Range$.apply(Position.scala:58)
	at scala.meta.internal.metals.MetalsEnrichments$XtensionPositionLspInverse.toMeta(MetalsEnrichments.scala:170)
	at scala.meta.internal.metals.Compilers.$anonfun$withPC$1(Compilers.scala:263)
	at scala.Option.map(Option.scala:163)
	at scala.meta.internal.metals.Compilers.withPC(Compilers.scala:259)
	at scala.meta.internal.metals.Compilers.signatureHelp(Compilers.scala:200)
	at scala.meta.internal.metals.MetalsLanguageServer.$anonfun$signatureHelp$1(MetalsLanguageServer.scala:912)
	at scala.meta.internal.metals.CancelTokens$.future(CancelTokens.scala:36)
	at scala.meta.internal.metals.MetalsLanguageServer.signatureHelp(MetalsLanguageServer.scala:911)
	... 16 more

INFO  shutting down Metals
