INFO  time: initialize in 0.36s
WARN  no build tool detected in workspace 'E:\UCSC\2nd Year\1st Sem\SCS 2204 Functional Programming\Assignments\2\Functions and Data\Q1'. The most common cause for this problem is that the editor was opened in the wrong working directory, for example if you use sbt then the workspace directory should contain build.sbt. 
WARN  no build target: E:\UCSC\2nd Year\1st Sem\SCS 2204 Functional Programming\Assignments\2\Functions and Data\Q1\Q1.scala
INFO  no build target: using presentation compiler with only scala-library
WARN  no build target: E:\UCSC\2nd Year\1st Sem\SCS 2204 Functional Programming\Assignments\2\Functions and Data\Q1\Q1.scala
WARN  no build target: 
WARN  no build target: E:\UCSC\2nd Year\1st Sem\SCS 2204 Functional Programming\Assignments\2\Functions and Data\Q1\Q1.scala
WARN  no build target: 
WARN  no build target: E:\UCSC\2nd Year\1st Sem\SCS 2204 Functional Programming\Assignments\2\Functions and Data\Q1\Q1.scala
WARN  no build target: 
WARN  no build target: E:\UCSC\2nd Year\1st Sem\SCS 2204 Functional Programming\Assignments\2\Functions and Data\Q1\Q1.scala
WARN  no build target: 
WARN  no build target: E:\UCSC\2nd Year\1st Sem\SCS 2204 Functional Programming\Assignments\2\Functions and Data\Q1\Q1.scala
WARN  no build target: 
WARN  no build target: E:\UCSC\2nd Year\1st Sem\SCS 2204 Functional Programming\Assignments\2\Functions and Data\Q1\Q1.scala
WARN  no build target: 
WARN  no build target: E:\UCSC\2nd Year\1st Sem\SCS 2204 Functional Programming\Assignments\2\Functions and Data\Q1\Q1.scala
WARN  no build target: 
WARN  no build target: E:\UCSC\2nd Year\1st Sem\SCS 2204 Functional Programming\Assignments\2\Functions and Data\Q1\Q1.scala
WARN  no build target: 
WARN  no build tool detected in workspace 'E:\UCSC\2nd Year\1st Sem\SCS 2204 Functional Programming\Assignments\2\Functions and Data\Q1'. The most common cause for this problem is that the editor was opened in the wrong working directory, for example if you use sbt then the workspace directory should contain build.sbt. 
WARN  no build target: E:\UCSC\2nd Year\1st Sem\SCS 2204 Functional Programming\Assignments\2\Functions and Data\Q1\Q1.scala
WARN  no build target: 
WARN  no build target: E:\UCSC\2nd Year\1st Sem\SCS 2204 Functional Programming\Assignments\2\Functions and Data\Q1\Q1.scala
WARN  no build target: 
WARN  no build target: E:\UCSC\2nd Year\1st Sem\SCS 2204 Functional Programming\Assignments\2\Functions and Data\Q1\Q1.scala
WARN  no build target: 
WARN  no build target: E:\UCSC\2nd Year\1st Sem\SCS 2204 Functional Programming\Assignments\2\Functions and Data\Q1\Q1.scala
WARN  no build target: 
WARN  no build tool detected in workspace 'E:\UCSC\2nd Year\1st Sem\SCS 2204 Functional Programming\Assignments\2\Functions and Data\Q1'. The most common cause for this problem is that the editor was opened in the wrong working directory, for example if you use sbt then the workspace directory should contain build.sbt. 
WARN  no build tool detected in workspace 'E:\UCSC\2nd Year\1st Sem\SCS 2204 Functional Programming\Assignments\2\Functions and Data\Q1'. The most common cause for this problem is that the editor was opened in the wrong working directory, for example if you use sbt then the workspace directory should contain build.sbt. 
WARN  no build tool detected in workspace 'E:\UCSC\2nd Year\1st Sem\SCS 2204 Functional Programming\Assignments\2\Functions and Data\Q1'. The most common cause for this problem is that the editor was opened in the wrong working directory, for example if you use sbt then the workspace directory should contain build.sbt. 
WARN  no build tool detected in workspace 'E:\UCSC\2nd Year\1st Sem\SCS 2204 Functional Programming\Assignments\2\Functions and Data\Q1'. The most common cause for this problem is that the editor was opened in the wrong working directory, for example if you use sbt then the workspace directory should contain build.sbt. 
WARN  no build tool detected in workspace 'E:\UCSC\2nd Year\1st Sem\SCS 2204 Functional Programming\Assignments\2\Functions and Data\Q1'. The most common cause for this problem is that the editor was opened in the wrong working directory, for example if you use sbt then the workspace directory should contain build.sbt. 
WARN  no build tool detected in workspace 'E:\UCSC\2nd Year\1st Sem\SCS 2204 Functional Programming\Assignments\2\Functions and Data\Q1'. The most common cause for this problem is that the editor was opened in the wrong working directory, for example if you use sbt then the workspace directory should contain build.sbt. 
WARN  no build tool detected in workspace 'E:\UCSC\2nd Year\1st Sem\SCS 2204 Functional Programming\Assignments\2\Functions and Data\Q1'. The most common cause for this problem is that the editor was opened in the wrong working directory, for example if you use sbt then the workspace directory should contain build.sbt. 
WARN  no build target: E:\UCSC\2nd Year\1st Sem\SCS 2204 Functional Programming\Assignments\2\Functions and Data\Q1\Q1.scala
WARN  no build target: 
WARN  no build target: E:\UCSC\2nd Year\1st Sem\SCS 2204 Functional Programming\Assignments\2\Functions and Data\Q1\Q1.scala
WARN  no build target: 
WARN  no build target: E:\UCSC\2nd Year\1st Sem\SCS 2204 Functional Programming\Assignments\2\Functions and Data\Q1\Q1.scala
WARN  no build target: 
INFO  shutting down Metals
